{"/home/niveus/Dileep Kumar/apigee-scaneer/utility/generateToken.js": {"path":"/home/niveus/Dileep Kumar/apigee-scaneer/utility/generateToken.js","statementMap":{"0":{"start":{"line":1,"column":23},"end":{"line":1,"column":53}},"1":{"start":{"line":4,"column":2},"end":{"line":18,"column":3}},"2":{"start":{"line":5,"column":17},"end":{"line":7,"column":6}},"3":{"start":{"line":10,"column":19},"end":{"line":10,"column":41}},"4":{"start":{"line":13,"column":26},"end":{"line":13,"column":55}},"5":{"start":{"line":14,"column":18},"end":{"line":14,"column":37}},"6":{"start":{"line":15,"column":4},"end":{"line":15,"column":17}},"7":{"start":{"line":17,"column":4},"end":{"line":17,"column":52}},"8":{"start":{"line":21,"column":0},"end":{"line":21,"column":31}}},"fnMap":{"0":{"name":"generateToken","decl":{"start":{"line":3,"column":15},"end":{"line":3,"column":28}},"loc":{"start":{"line":3,"column":32},"end":{"line":19,"column":1}},"line":3}},"branchMap":{},"s":{"0":3,"1":2,"2":2,"3":2,"4":1,"5":1,"6":1,"7":1,"8":3},"f":{"0":2},"b":{},"_coverageSchema":"1a1c01bbd47fc00a2c39e90264f33305004495a9","hash":"fc5e780b2ee2878700fcefe465d78f4a00064a7e"}
,"/home/niveus/Dileep Kumar/apigee-scaneer/utility/getLintReport.js": {"path":"/home/niveus/Dileep Kumar/apigee-scaneer/utility/getLintReport.js","statementMap":{"0":{"start":{"line":1,"column":19},"end":{"line":1,"column":40}},"1":{"start":{"line":3,"column":0},"end":{"line":20,"column":2}},"2":{"start":{"line":4,"column":24},"end":{"line":17,"column":3}},"3":{"start":{"line":18,"column":15},"end":{"line":18,"column":64}},"4":{"start":{"line":19,"column":2},"end":{"line":19,"column":26}}},"fnMap":{"0":{"name":"getLintReport","decl":{"start":{"line":3,"column":32},"end":{"line":3,"column":45}},"loc":{"start":{"line":3,"column":64},"end":{"line":20,"column":1}},"line":3}},"branchMap":{},"s":{"0":1,"1":1,"2":2,"3":2,"4":1},"f":{"0":2},"b":{},"_coverageSchema":"1a1c01bbd47fc00a2c39e90264f33305004495a9","hash":"9c716b46286dc3d0c1efcc10377c4c55bf4f31ce"}
,"/home/niveus/Dileep Kumar/apigee-scaneer/utility/getOrglist.js": {"path":"/home/niveus/Dileep Kumar/apigee-scaneer/utility/getOrglist.js","statementMap":{"0":{"start":{"line":1,"column":22},"end":{"line":1,"column":51}},"1":{"start":{"line":2,"column":14},"end":{"line":2,"column":30}},"2":{"start":{"line":5,"column":4},"end":{"line":16,"column":5}},"3":{"start":{"line":6,"column":22},"end":{"line":6,"column":43}},"4":{"start":{"line":7,"column":24},"end":{"line":11,"column":10}},"5":{"start":{"line":13,"column":8},"end":{"line":13,"column":42}},"6":{"start":{"line":15,"column":8},"end":{"line":15,"column":48}},"7":{"start":{"line":19,"column":0},"end":{"line":19,"column":34}}},"fnMap":{"0":{"name":"getApigeeOrgList","decl":{"start":{"line":4,"column":15},"end":{"line":4,"column":31}},"loc":{"start":{"line":4,"column":33},"end":{"line":17,"column":1}},"line":4}},"branchMap":{},"s":{"0":1,"1":1,"2":2,"3":2,"4":2,"5":1,"6":1,"7":1},"f":{"0":2},"b":{},"_coverageSchema":"1a1c01bbd47fc00a2c39e90264f33305004495a9","hash":"3d2760cb81e5c13f8ad779b4d025ce2e4536265b"}
,"/home/niveus/Dileep Kumar/apigee-scaneer/utility/getProxyBundle.js": {"path":"/home/niveus/Dileep Kumar/apigee-scaneer/utility/getProxyBundle.js","statementMap":{"0":{"start":{"line":1,"column":14},"end":{"line":1,"column":30}},"1":{"start":{"line":2,"column":11},"end":{"line":2,"column":24}},"2":{"start":{"line":3,"column":17},"end":{"line":3,"column":36}},"3":{"start":{"line":4,"column":13},"end":{"line":4,"column":28}},"4":{"start":{"line":7,"column":30},"end":{"line":61,"column":1}},"5":{"start":{"line":8,"column":17},"end":{"line":8,"column":125}},"6":{"start":{"line":9,"column":24},"end":{"line":9,"column":83}},"7":{"start":{"line":10,"column":25},"end":{"line":10,"column":86}},"8":{"start":{"line":12,"column":2},"end":{"line":59,"column":3}},"9":{"start":{"line":13,"column":4},"end":{"line":13,"column":60}},"10":{"start":{"line":16,"column":21},"end":{"line":23,"column":6}},"11":{"start":{"line":26,"column":19},"end":{"line":26,"column":54}},"12":{"start":{"line":27,"column":4},"end":{"line":27,"column":31}},"13":{"start":{"line":30,"column":4},"end":{"line":33,"column":7}},"14":{"start":{"line":31,"column":6},"end":{"line":31,"column":35}},"15":{"start":{"line":32,"column":6},"end":{"line":32,"column":33}},"16":{"start":{"line":36,"column":4},"end":{"line":38,"column":17}},"17":{"start":{"line":40,"column":4},"end":{"line":40,"column":77}},"18":{"start":{"line":42,"column":4},"end":{"line":54,"column":5}},"19":{"start":{"line":45,"column":6},"end":{"line":45,"column":65}},"20":{"start":{"line":46,"column":6},"end":{"line":46,"column":69}},"21":{"start":{"line":47,"column":6},"end":{"line":47,"column":71}},"22":{"start":{"line":48,"column":11},"end":{"line":54,"column":5}},"23":{"start":{"line":50,"column":6},"end":{"line":50,"column":53}},"24":{"start":{"line":53,"column":6},"end":{"line":53,"column":53}},"25":{"start":{"line":55,"column":4},"end":{"line":55,"column":49}},"26":{"start":{"line":58,"column":4},"end":{"line":58,"column":33}},"27":{"start":{"line":60,"column":2},"end":{"line":60,"column":24}},"28":{"start":{"line":63,"column":0},"end":{"line":63,"column":39}}},"fnMap":{"0":{"name":"(anonymous_0)","decl":{"start":{"line":7,"column":30},"end":{"line":7,"column":31}},"loc":{"start":{"line":7,"column":71},"end":{"line":61,"column":1}},"line":7},"1":{"name":"(anonymous_1)","decl":{"start":{"line":30,"column":22},"end":{"line":30,"column":23}},"loc":{"start":{"line":30,"column":43},"end":{"line":33,"column":5}},"line":30}},"branchMap":{"0":{"loc":{"start":{"line":42,"column":4},"end":{"line":54,"column":5}},"type":"if","locations":[{"start":{"line":42,"column":4},"end":{"line":54,"column":5}},{"start":{"line":48,"column":11},"end":{"line":54,"column":5}}],"line":42},"1":{"loc":{"start":{"line":48,"column":11},"end":{"line":54,"column":5}},"type":"if","locations":[{"start":{"line":48,"column":11},"end":{"line":54,"column":5}},{"start":{"line":51,"column":11},"end":{"line":54,"column":5}}],"line":48}},"s":{"0":1,"1":1,"2":1,"3":1,"4":1,"5":2,"6":2,"7":2,"8":2,"9":2,"10":2,"11":1,"12":1,"13":1,"14":1,"15":1,"16":1,"17":0,"18":2,"19":1,"20":1,"21":1,"22":1,"23":0,"24":1,"25":2,"26":2,"27":2,"28":1},"f":{"0":2,"1":1},"b":{"0":[1,1],"1":[0,1]},"_coverageSchema":"1a1c01bbd47fc00a2c39e90264f33305004495a9","hash":"58ee13c1206b82add699ac6a2d3c68c58a585878"}
,"/home/niveus/Dileep Kumar/apigee-scaneer/utility/getProxyList.js": {"path":"/home/niveus/Dileep Kumar/apigee-scaneer/utility/getProxyList.js","statementMap":{"0":{"start":{"line":1,"column":22},"end":{"line":1,"column":51}},"1":{"start":{"line":2,"column":14},"end":{"line":2,"column":30}},"2":{"start":{"line":5,"column":24},"end":{"line":5,"column":45}},"3":{"start":{"line":6,"column":21},"end":{"line":14,"column":6}},"4":{"start":{"line":15,"column":4},"end":{"line":15,"column":33}},"5":{"start":{"line":18,"column":0},"end":{"line":18,"column":30}}},"fnMap":{"0":{"name":"getProxyList","decl":{"start":{"line":4,"column":15},"end":{"line":4,"column":27}},"loc":{"start":{"line":4,"column":36},"end":{"line":16,"column":1}},"line":4}},"branchMap":{},"s":{"0":1,"1":1,"2":2,"3":2,"4":1,"5":1},"f":{"0":2},"b":{},"_coverageSchema":"1a1c01bbd47fc00a2c39e90264f33305004495a9","hash":"d0cb68236a2cdfb9ebafa25209ec70f268a6cc0c"}
}
