TN:
SF:utility/generateToken.js
FN:3,generateToken
FNF:1
FNH:1
FNDA:2,generateToken
DA:1,3
DA:4,2
DA:5,2
DA:10,2
DA:13,1
DA:14,1
DA:15,1
DA:17,1
DA:21,3
LF:9
LH:9
BRF:0
BRH:0
end_of_record
TN:
SF:utility/getLintReport.js
FN:3,getLintReport
FNF:1
FNH:1
FNDA:2,getLintReport
DA:1,1
DA:3,1
DA:4,2
DA:18,2
DA:19,1
LF:5
LH:5
BRF:0
BRH:0
end_of_record
TN:
SF:utility/getOrglist.js
FN:4,getApigeeOrgList
FNF:1
FNH:1
FNDA:2,getApigeeOrgList
DA:1,1
DA:2,1
DA:5,2
DA:6,2
DA:7,2
DA:13,1
DA:15,1
DA:19,1
LF:8
LH:8
BRF:0
BRH:0
end_of_record
TN:
SF:utility/getProxyBundle.js
FN:7,(anonymous_0)
FN:30,(anonymous_1)
FNF:2
FNH:2
FNDA:2,(anonymous_0)
FNDA:1,(anonymous_1)
DA:1,1
DA:2,1
DA:3,1
DA:4,1
DA:7,1
DA:8,2
DA:9,2
DA:10,2
DA:12,2
DA:13,2
DA:16,2
DA:26,1
DA:27,1
DA:30,1
DA:31,1
DA:32,1
DA:36,1
DA:40,0
DA:42,2
DA:45,1
DA:46,1
DA:47,1
DA:48,1
DA:50,0
DA:53,1
DA:55,2
DA:58,2
DA:60,2
DA:63,1
LF:29
LH:27
BRDA:42,0,0,1
BRDA:42,0,1,1
BRDA:48,1,0,0
BRDA:48,1,1,1
BRF:4
BRH:3
end_of_record
TN:
SF:utility/getProxyList.js
FN:4,getProxyList
FNF:1
FNH:1
FNDA:2,getProxyList
DA:1,1
DA:2,1
DA:5,2
DA:6,2
DA:15,1
DA:18,1
LF:6
LH:6
BRF:0
BRH:0
end_of_record
